Analysis & Synthesis report for Processador
Sat Dec 09 15:56:58 2017
Quartus II 64-Bit Version 13.0.0 Build 156 04/24/2013 SJ Web Edition


---------------------
; Table of Contents ;
---------------------
  1. Legal Notice
  2. Analysis & Synthesis Summary
  3. Analysis & Synthesis Settings
  4. Parallel Compilation
  5. Analysis & Synthesis Source Files Read
  6. Analysis & Synthesis Resource Usage Summary
  7. Analysis & Synthesis Resource Utilization by Entity
  8. State Machine - |Processador|ctrl:controller|state
  9. Registers Removed During Synthesis
 10. Removed Registers Triggering Further Register Optimizations
 11. General Register Statistics
 12. Inverted Register Statistics
 13. Multiplexer Restructuring Statistics (Restructuring Performed)
 14. Port Connectivity Checks: "dp:datapath|alu:ALU_use|somador_4bits:sub"
 15. Port Connectivity Checks: "dp:datapath|alu:ALU_use|somador_4bits:soma"
 16. Elapsed Time Per Partition
 17. Analysis & Synthesis Messages



----------------
; Legal Notice ;
----------------
Copyright (C) 1991-2013 Altera Corporation
Your use of Altera Corporation's design tools, logic functions 
and other software and tools, and its AMPP partner logic 
functions, and any output files from any of the foregoing 
(including device programming or simulation files), and any 
associated documentation or information are expressly subject 
to the terms and conditions of the Altera Program License 
Subscription Agreement, Altera MegaCore Function License 
Agreement, or other applicable license agreement, including, 
without limitation, that your use is for the sole purpose of 
programming logic devices manufactured by Altera and sold by 
Altera or its authorized distributors.  Please refer to the 
applicable agreement for further details.



+---------------------------------------------------------------------------------+
; Analysis & Synthesis Summary                                                    ;
+------------------------------------+--------------------------------------------+
; Analysis & Synthesis Status        ; Successful - Sat Dec 09 15:56:58 2017      ;
; Quartus II 64-Bit Version          ; 13.0.0 Build 156 04/24/2013 SJ Web Edition ;
; Revision Name                      ; Processador                                ;
; Top-level Entity Name              ; Processador                                ;
; Family                             ; Cyclone II                                 ;
; Total logic elements               ; 136                                        ;
;     Total combinational functions  ; 110                                        ;
;     Dedicated logic registers      ; 106                                        ;
; Total registers                    ; 106                                        ;
; Total pins                         ; 45                                         ;
; Total virtual pins                 ; 0                                          ;
; Total memory bits                  ; 0                                          ;
; Embedded Multiplier 9-bit elements ; 0                                          ;
; Total PLLs                         ; 0                                          ;
+------------------------------------+--------------------------------------------+


+----------------------------------------------------------------------------------------------------------------------+
; Analysis & Synthesis Settings                                                                                        ;
+----------------------------------------------------------------------------+--------------------+--------------------+
; Option                                                                     ; Setting            ; Default Value      ;
+----------------------------------------------------------------------------+--------------------+--------------------+
; Device                                                                     ; EP2C35F672C6       ;                    ;
; Top-level entity name                                                      ; Processador        ; Processador        ;
; Family name                                                                ; Cyclone II         ; Cyclone IV GX      ;
; Use smart compilation                                                      ; Off                ; Off                ;
; Enable parallel Assembler and TimeQuest Timing Analyzer during compilation ; On                 ; On                 ;
; Enable compact report table                                                ; Off                ; Off                ;
; Restructure Multiplexers                                                   ; Auto               ; Auto               ;
; Create Debugging Nodes for IP Cores                                        ; Off                ; Off                ;
; Preserve fewer node names                                                  ; On                 ; On                 ;
; Disable OpenCore Plus hardware evaluation                                  ; Off                ; Off                ;
; Verilog Version                                                            ; Verilog_2001       ; Verilog_2001       ;
; VHDL Version                                                               ; VHDL_1993          ; VHDL_1993          ;
; State Machine Processing                                                   ; Auto               ; Auto               ;
; Safe State Machine                                                         ; Off                ; Off                ;
; Extract Verilog State Machines                                             ; On                 ; On                 ;
; Extract VHDL State Machines                                                ; On                 ; On                 ;
; Ignore Verilog initial constructs                                          ; Off                ; Off                ;
; Iteration limit for constant Verilog loops                                 ; 5000               ; 5000               ;
; Iteration limit for non-constant Verilog loops                             ; 250                ; 250                ;
; Add Pass-Through Logic to Inferred RAMs                                    ; On                 ; On                 ;
; Infer RAMs from Raw Logic                                                  ; On                 ; On                 ;
; Parallel Synthesis                                                         ; On                 ; On                 ;
; DSP Block Balancing                                                        ; Auto               ; Auto               ;
; NOT Gate Push-Back                                                         ; On                 ; On                 ;
; Power-Up Don't Care                                                        ; On                 ; On                 ;
; Remove Redundant Logic Cells                                               ; Off                ; Off                ;
; Remove Duplicate Registers                                                 ; On                 ; On                 ;
; Ignore CARRY Buffers                                                       ; Off                ; Off                ;
; Ignore CASCADE Buffers                                                     ; Off                ; Off                ;
; Ignore GLOBAL Buffers                                                      ; Off                ; Off                ;
; Ignore ROW GLOBAL Buffers                                                  ; Off                ; Off                ;
; Ignore LCELL Buffers                                                       ; Off                ; Off                ;
; Ignore SOFT Buffers                                                        ; On                 ; On                 ;
; Limit AHDL Integers to 32 Bits                                             ; Off                ; Off                ;
; Optimization Technique                                                     ; Balanced           ; Balanced           ;
; Carry Chain Length                                                         ; 70                 ; 70                 ;
; Auto Carry Chains                                                          ; On                 ; On                 ;
; Auto Open-Drain Pins                                                       ; On                 ; On                 ;
; Perform WYSIWYG Primitive Resynthesis                                      ; Off                ; Off                ;
; Auto ROM Replacement                                                       ; On                 ; On                 ;
; Auto RAM Replacement                                                       ; On                 ; On                 ;
; Auto Shift Register Replacement                                            ; Auto               ; Auto               ;
; Allow Shift Register Merging across Hierarchies                            ; Auto               ; Auto               ;
; Auto Clock Enable Replacement                                              ; On                 ; On                 ;
; Strict RAM Replacement                                                     ; Off                ; Off                ;
; Allow Synchronous Control Signals                                          ; On                 ; On                 ;
; Force Use of Synchronous Clear Signals                                     ; Off                ; Off                ;
; Auto RAM to Logic Cell Conversion                                          ; Off                ; Off                ;
; Auto Resource Sharing                                                      ; Off                ; Off                ;
; Allow Any RAM Size For Recognition                                         ; Off                ; Off                ;
; Allow Any ROM Size For Recognition                                         ; Off                ; Off                ;
; Allow Any Shift Register Size For Recognition                              ; Off                ; Off                ;
; Use LogicLock Constraints during Resource Balancing                        ; On                 ; On                 ;
; Ignore translate_off and synthesis_off directives                          ; Off                ; Off                ;
; Timing-Driven Synthesis                                                    ; Off                ; Off                ;
; Report Parameter Settings                                                  ; On                 ; On                 ;
; Report Source Assignments                                                  ; On                 ; On                 ;
; Report Connectivity Checks                                                 ; On                 ; On                 ;
; Ignore Maximum Fan-Out Assignments                                         ; Off                ; Off                ;
; Synchronization Register Chain Length                                      ; 2                  ; 2                  ;
; PowerPlay Power Optimization                                               ; Normal compilation ; Normal compilation ;
; HDL message level                                                          ; Level2             ; Level2             ;
; Suppress Register Optimization Related Messages                            ; Off                ; Off                ;
; Number of Removed Registers Reported in Synthesis Report                   ; 5000               ; 5000               ;
; Number of Swept Nodes Reported in Synthesis Report                         ; 5000               ; 5000               ;
; Number of Inverted Registers Reported in Synthesis Report                  ; 100                ; 100                ;
; Clock MUX Protection                                                       ; On                 ; On                 ;
; Auto Gated Clock Conversion                                                ; Off                ; Off                ;
; Block Design Naming                                                        ; Auto               ; Auto               ;
; SDC constraint protection                                                  ; Off                ; Off                ;
; Synthesis Effort                                                           ; Auto               ; Auto               ;
; Shift Register Replacement - Allow Asynchronous Clear Signal               ; On                 ; On                 ;
; Pre-Mapping Resynthesis Optimization                                       ; Off                ; Off                ;
; Analysis & Synthesis Message Level                                         ; Medium             ; Medium             ;
; Disable Register Merging Across Hierarchies                                ; Auto               ; Auto               ;
; Resource Aware Inference For Block RAM                                     ; On                 ; On                 ;
; Synthesis Seed                                                             ; 1                  ; 1                  ;
+----------------------------------------------------------------------------+--------------------+--------------------+


Parallel compilation was disabled, but you have multiple processors available. Enable parallel compilation to reduce compilation time.
+-------------------------------------+
; Parallel Compilation                ;
+----------------------------+--------+
; Processors                 ; Number ;
+----------------------------+--------+
; Number detected on machine ; 2      ;
; Maximum allowed            ; 1      ;
+----------------------------+--------+


+------------------------------------------------------------------------------------------------------------------------------------------------------------------------------------------------+
; Analysis & Synthesis Source Files Read                                                                                                                                                         ;
+----------------------------------+-----------------+-----------------+---------------------------------------------------------------------------------------------------------------+---------+
; File Name with User-Entered Path ; Used in Netlist ; File Type       ; File Name with Absolute Path                                                                                  ; Library ;
+----------------------------------+-----------------+-----------------+---------------------------------------------------------------------------------------------------------------+---------+
; dp.vhdl                          ; yes             ; User VHDL File  ; C:/Users/Higor Felype/Google Drive/ECT/2017.2/Circuitos/Unid 3/Processador/Meu Projeto/dp.vhdl                ;         ;
; ctrl.vhdl                        ; yes             ; User VHDL File  ; C:/Users/Higor Felype/Google Drive/ECT/2017.2/Circuitos/Unid 3/Processador/Meu Projeto/ctrl.vhdl              ;         ;
; cpu.vhdl                         ; yes             ; User VHDL File  ; C:/Users/Higor Felype/Google Drive/ECT/2017.2/Circuitos/Unid 3/Processador/Meu Projeto/cpu.vhdl               ;         ;
; acc.vhd                          ; yes             ; User VHDL File  ; C:/Users/Higor Felype/Google Drive/ECT/2017.2/Circuitos/Unid 3/Processador/Meu Projeto/acc.vhd                ;         ;
; rf.vhd                           ; yes             ; User VHDL File  ; C:/Users/Higor Felype/Google Drive/ECT/2017.2/Circuitos/Unid 3/Processador/Meu Projeto/rf.vhd                 ;         ;
; alu.vhd                          ; yes             ; User VHDL File  ; C:/Users/Higor Felype/Google Drive/ECT/2017.2/Circuitos/Unid 3/Processador/Meu Projeto/alu.vhd                ;         ;
; somador_4bits.vhd                ; yes             ; User VHDL File  ; C:/Users/Higor Felype/Google Drive/ECT/2017.2/Circuitos/Unid 3/Processador/Meu Projeto/somador_4bits.vhd      ;         ;
; FA.vhd                           ; yes             ; User VHDL File  ; C:/Users/Higor Felype/Google Drive/ECT/2017.2/Circuitos/Unid 3/Processador/Meu Projeto/FA.vhd                 ;         ;
; Conv_to_Outs.vhd                 ; yes             ; User VHDL File  ; C:/Users/Higor Felype/Google Drive/ECT/2017.2/Circuitos/Unid 3/Processador/Meu Projeto/Conv_to_Outs.vhd       ;         ;
; Conv_Op_to_Display.vhd           ; yes             ; User VHDL File  ; C:/Users/Higor Felype/Google Drive/ECT/2017.2/Circuitos/Unid 3/Processador/Meu Projeto/Conv_Op_to_Display.vhd ;         ;
+----------------------------------+-----------------+-----------------+---------------------------------------------------------------------------------------------------------------+---------+


+-----------------------------------------------------+
; Analysis & Synthesis Resource Usage Summary         ;
+---------------------------------------------+-------+
; Resource                                    ; Usage ;
+---------------------------------------------+-------+
; Estimated Total logic elements              ; 136   ;
;                                             ;       ;
; Total combinational functions               ; 110   ;
; Logic element usage by number of LUT inputs ;       ;
;     -- 4 input functions                    ; 66    ;
;     -- 3 input functions                    ; 24    ;
;     -- <=2 input functions                  ; 20    ;
;                                             ;       ;
; Logic elements by mode                      ;       ;
;     -- normal mode                          ; 108   ;
;     -- arithmetic mode                      ; 2     ;
;                                             ;       ;
; Total registers                             ; 106   ;
;     -- Dedicated logic registers            ; 106   ;
;     -- I/O registers                        ; 0     ;
;                                             ;       ;
; I/O pins                                    ; 45    ;
; Embedded Multiplier 9-bit elements          ; 0     ;
; Maximum fan-out node                        ; clk   ;
; Maximum fan-out                             ; 106   ;
; Total fan-out                               ; 669   ;
; Average fan-out                             ; 2.56  ;
+---------------------------------------------+-------+


+-----------------------------------------------------------------------------------------------------------------------------------------------------------------------------------------------------------------------------------+
; Analysis & Synthesis Resource Utilization by Entity                                                                                                                                                                               ;
+--------------------------------------+-------------------+--------------+-------------+--------------+---------+-----------+------+--------------+-----------------------------------------------------------------+--------------+
; Compilation Hierarchy Node           ; LC Combinationals ; LC Registers ; Memory Bits ; DSP Elements ; DSP 9x9 ; DSP 18x18 ; Pins ; Virtual Pins ; Full Hierarchy Name                                             ; Library Name ;
+--------------------------------------+-------------------+--------------+-------------+--------------+---------+-----------+------+--------------+-----------------------------------------------------------------+--------------+
; |Processador                         ; 110 (0)           ; 106 (0)      ; 0           ; 0            ; 0       ; 0         ; 45   ; 0            ; |Processador                                                    ;              ;
;    |Conv_Op_to_Display:Conversor_Op| ; 14 (14)           ; 28 (28)      ; 0           ; 0            ; 0       ; 0         ; 0    ; 0            ; |Processador|Conv_Op_to_Display:Conversor_Op                    ;              ;
;    |Conv_to_Outs:Conversor_Number|   ; 8 (8)             ; 11 (11)      ; 0           ; 0            ; 0       ; 0         ; 0    ; 0            ; |Processador|Conv_to_Outs:Conversor_Number                      ;              ;
;    |ctrl:controller|                 ; 34 (34)           ; 27 (27)      ; 0           ; 0            ; 0       ; 0         ; 0    ; 0            ; |Processador|ctrl:controller                                    ;              ;
;    |dp:datapath|                     ; 54 (8)            ; 40 (8)       ; 0           ; 0            ; 0       ; 0         ; 0    ; 0            ; |Processador|dp:datapath                                        ;              ;
;       |acc:ACC_use|                  ; 4 (4)             ; 8 (8)        ; 0           ; 0            ; 0       ; 0         ; 0    ; 0            ; |Processador|dp:datapath|acc:ACC_use                            ;              ;
;       |alu:ALU_use|                  ; 14 (11)           ; 4 (4)        ; 0           ; 0            ; 0       ; 0         ; 0    ; 0            ; |Processador|dp:datapath|alu:ALU_use                            ;              ;
;          |somador_4bits:soma|        ; 3 (0)             ; 0 (0)        ; 0           ; 0            ; 0       ; 0         ; 0    ; 0            ; |Processador|dp:datapath|alu:ALU_use|somador_4bits:soma         ;              ;
;             |FA:FA_1|                ; 2 (2)             ; 0 (0)        ; 0           ; 0            ; 0       ; 0         ; 0    ; 0            ; |Processador|dp:datapath|alu:ALU_use|somador_4bits:soma|FA:FA_1 ;              ;
;             |FA:FA_3|                ; 1 (1)             ; 0 (0)        ; 0           ; 0            ; 0       ; 0         ; 0    ; 0            ; |Processador|dp:datapath|alu:ALU_use|somador_4bits:soma|FA:FA_3 ;              ;
;       |rf:RF_use|                    ; 28 (28)           ; 20 (20)      ; 0           ; 0            ; 0       ; 0         ; 0    ; 0            ; |Processador|dp:datapath|rf:RF_use                              ;              ;
+--------------------------------------+-------------------+--------------+-------------+--------------+---------+-----------+------+--------------+-----------------------------------------------------------------+--------------+
Note: For table entries with two numbers listed, the numbers in parentheses indicate the number of resources of the given type used by the specific entity alone. The numbers listed outside of parentheses indicate the total resources of the given type used by the specific entity and all of its sub-entities in the hierarchy.


Encoding Type:  One-Hot
+---------------------------------------------------------------------------------------------------------------------------------------------------------------------------------------+
; State Machine - |Processador|ctrl:controller|state                                                                                                                                    ;
+------------+------------+-----------+-----------+-----------+-----------+----------+----------+----------+----------+----------+----------+----------+----------+----------+----------+
; Name       ; state.done ; state.s13 ; state.s12 ; state.s11 ; state.s10 ; state.s9 ; state.s8 ; state.s7 ; state.s6 ; state.s5 ; state.s4 ; state.s3 ; state.s2 ; state.s1 ; state.s0 ;
+------------+------------+-----------+-----------+-----------+-----------+----------+----------+----------+----------+----------+----------+----------+----------+----------+----------+
; state.s0   ; 0          ; 0         ; 0         ; 0         ; 0         ; 0        ; 0        ; 0        ; 0        ; 0        ; 0        ; 0        ; 0        ; 0        ; 0        ;
; state.s1   ; 0          ; 0         ; 0         ; 0         ; 0         ; 0        ; 0        ; 0        ; 0        ; 0        ; 0        ; 0        ; 0        ; 1        ; 1        ;
; state.s2   ; 0          ; 0         ; 0         ; 0         ; 0         ; 0        ; 0        ; 0        ; 0        ; 0        ; 0        ; 0        ; 1        ; 0        ; 1        ;
; state.s3   ; 0          ; 0         ; 0         ; 0         ; 0         ; 0        ; 0        ; 0        ; 0        ; 0        ; 0        ; 1        ; 0        ; 0        ; 1        ;
; state.s4   ; 0          ; 0         ; 0         ; 0         ; 0         ; 0        ; 0        ; 0        ; 0        ; 0        ; 1        ; 0        ; 0        ; 0        ; 1        ;
; state.s5   ; 0          ; 0         ; 0         ; 0         ; 0         ; 0        ; 0        ; 0        ; 0        ; 1        ; 0        ; 0        ; 0        ; 0        ; 1        ;
; state.s6   ; 0          ; 0         ; 0         ; 0         ; 0         ; 0        ; 0        ; 0        ; 1        ; 0        ; 0        ; 0        ; 0        ; 0        ; 1        ;
; state.s7   ; 0          ; 0         ; 0         ; 0         ; 0         ; 0        ; 0        ; 1        ; 0        ; 0        ; 0        ; 0        ; 0        ; 0        ; 1        ;
; state.s8   ; 0          ; 0         ; 0         ; 0         ; 0         ; 0        ; 1        ; 0        ; 0        ; 0        ; 0        ; 0        ; 0        ; 0        ; 1        ;
; state.s9   ; 0          ; 0         ; 0         ; 0         ; 0         ; 1        ; 0        ; 0        ; 0        ; 0        ; 0        ; 0        ; 0        ; 0        ; 1        ;
; state.s10  ; 0          ; 0         ; 0         ; 0         ; 1         ; 0        ; 0        ; 0        ; 0        ; 0        ; 0        ; 0        ; 0        ; 0        ; 1        ;
; state.s11  ; 0          ; 0         ; 0         ; 1         ; 0         ; 0        ; 0        ; 0        ; 0        ; 0        ; 0        ; 0        ; 0        ; 0        ; 1        ;
; state.s12  ; 0          ; 0         ; 1         ; 0         ; 0         ; 0        ; 0        ; 0        ; 0        ; 0        ; 0        ; 0        ; 0        ; 0        ; 1        ;
; state.s13  ; 0          ; 1         ; 0         ; 0         ; 0         ; 0        ; 0        ; 0        ; 0        ; 0        ; 0        ; 0        ; 0        ; 0        ; 1        ;
; state.done ; 1          ; 0         ; 0         ; 0         ; 0         ; 0        ; 0        ; 0        ; 0        ; 0        ; 0        ; 0        ; 0        ; 0        ; 1        ;
+------------+------------+-----------+-----------+-----------+-----------+----------+----------+----------+----------+----------+----------+----------+----------+----------+----------+


+---------------------------------------------------------------------------------+
; Registers Removed During Synthesis                                              ;
+----------------------------------------+----------------------------------------+
; Register name                          ; Reason for Removal                     ;
+----------------------------------------+----------------------------------------+
; Conv_to_Outs:Conversor_Number|Q1[0]    ; Stuck at VCC due to stuck port data_in ;
; Conv_to_Outs:Conversor_Number|Q1[4,5]  ; Stuck at GND due to stuck port data_in ;
; ctrl:controller|OPCODE[3]              ; Merged with ctrl:controller|CODE[3]    ;
; ctrl:controller|OPCODE[2]              ; Merged with ctrl:controller|CODE[2]    ;
; ctrl:controller|OPCODE[1]              ; Merged with ctrl:controller|CODE[1]    ;
; ctrl:controller|OPCODE[0]              ; Merged with ctrl:controller|CODE[0]    ;
; ctrl:controller|CODE[2]                ; Stuck at GND due to stuck port data_in ;
; ctrl:controller|ADDRESS[1]             ; Merged with ctrl:controller|CODE[3]    ;
; ctrl:controller|state.s9               ; Lost fanout                            ;
; ctrl:controller|state.s10              ; Lost fanout                            ;
; ctrl:controller|state.s11              ; Lost fanout                            ;
; ctrl:controller|state.s12              ; Lost fanout                            ;
; ctrl:controller|state.s3               ; Stuck at GND due to stuck port data_in ;
; ctrl:controller|PC[3..31]              ; Lost fanout                            ;
; Total Number of Removed Registers = 43 ;                                        ;
+----------------------------------------+----------------------------------------+


+-----------------------------------------------------------------------------------------------------------------------+
; Removed Registers Triggering Further Register Optimizations                                                           ;
+------------------------+--------------------+-------------------------------------------------------------------------+
; Register name          ; Reason for Removal ; Registers Removed due to This Register                                  ;
+------------------------+--------------------+-------------------------------------------------------------------------+
; ctrl:controller|PC[31] ; Lost Fanouts       ; ctrl:controller|PC[30], ctrl:controller|PC[29], ctrl:controller|PC[28], ;
;                        ;                    ; ctrl:controller|PC[27], ctrl:controller|PC[26], ctrl:controller|PC[25], ;
;                        ;                    ; ctrl:controller|PC[24], ctrl:controller|PC[23], ctrl:controller|PC[22], ;
;                        ;                    ; ctrl:controller|PC[21], ctrl:controller|PC[20], ctrl:controller|PC[19], ;
;                        ;                    ; ctrl:controller|PC[18], ctrl:controller|PC[17], ctrl:controller|PC[16], ;
;                        ;                    ; ctrl:controller|PC[15], ctrl:controller|PC[14], ctrl:controller|PC[13], ;
;                        ;                    ; ctrl:controller|PC[12], ctrl:controller|PC[11], ctrl:controller|PC[10], ;
;                        ;                    ; ctrl:controller|PC[9], ctrl:controller|PC[8], ctrl:controller|PC[7],    ;
;                        ;                    ; ctrl:controller|PC[6], ctrl:controller|PC[5], ctrl:controller|PC[4],    ;
;                        ;                    ; ctrl:controller|PC[3]                                                   ;
+------------------------+--------------------+-------------------------------------------------------------------------+


+------------------------------------------------------+
; General Register Statistics                          ;
+----------------------------------------------+-------+
; Statistic                                    ; Value ;
+----------------------------------------------+-------+
; Total registers                              ; 106   ;
; Number of registers using Synchronous Clear  ; 0     ;
; Number of registers using Synchronous Load   ; 0     ;
; Number of registers using Asynchronous Clear ; 4     ;
; Number of registers using Asynchronous Load  ; 0     ;
; Number of registers using Clock Enable       ; 42    ;
; Number of registers using Preset             ; 0     ;
+----------------------------------------------+-------+


+--------------------------------------------------+
; Inverted Register Statistics                     ;
+----------------------------------------+---------+
; Inverted Register                      ; Fan out ;
+----------------------------------------+---------+
; ctrl:controller|PC[0]                  ; 8       ;
; Total number of inverted registers = 1 ;         ;
+----------------------------------------+---------+


+--------------------------------------------------------------------------------------------------------------------------------------------------------------+
; Multiplexer Restructuring Statistics (Restructuring Performed)                                                                                               ;
+--------------------+-----------+---------------+----------------------+------------------------+------------+------------------------------------------------+
; Multiplexer Inputs ; Bus Width ; Baseline Area ; Area if Restructured ; Saving if Restructured ; Registered ; Example Multiplexer Output                     ;
+--------------------+-----------+---------------+----------------------+------------------------+------------+------------------------------------------------+
; 4:1                ; 4 bits    ; 8 LEs         ; 8 LEs                ; 0 LEs                  ; Yes        ; |Processador|dp:datapath|rf:RF_use|output[1]   ;
; 8:1                ; 4 bits    ; 20 LEs        ; 8 LEs                ; 12 LEs                 ; Yes        ; |Processador|dp:datapath|alu:ALU_use|output[2] ;
; 3:1                ; 4 bits    ; 8 LEs         ; 4 LEs                ; 4 LEs                  ; Yes        ; |Processador|dp:datapath|rf:RF_use|out1[1]     ;
; 3:1                ; 4 bits    ; 8 LEs         ; 4 LEs                ; 4 LEs                  ; Yes        ; |Processador|dp:datapath|rf:RF_use|out2[0]     ;
; 3:1                ; 4 bits    ; 8 LEs         ; 4 LEs                ; 4 LEs                  ; Yes        ; |Processador|dp:datapath|rf:RF_use|out3[3]     ;
; 3:1                ; 4 bits    ; 8 LEs         ; 4 LEs                ; 4 LEs                  ; Yes        ; |Processador|dp:datapath|rf:RF_use|out0[3]     ;
; 4:1                ; 4 bits    ; 8 LEs         ; 8 LEs                ; 0 LEs                  ; Yes        ; |Processador|ctrl:controller|imm[3]            ;
; 4:1                ; 3 bits    ; 6 LEs         ; 6 LEs                ; 0 LEs                  ; Yes        ; |Processador|ctrl:controller|PC[1]             ;
+--------------------+-----------+---------------+----------------------+------------------------+------------+------------------------------------------------+


+----------------------------------------------------------------------------------------------------------------+
; Port Connectivity Checks: "dp:datapath|alu:ALU_use|somador_4bits:sub"                                          ;
+------+--------+----------+-------------------------------------------------------------------------------------+
; Port ; Type   ; Severity ; Details                                                                             ;
+------+--------+----------+-------------------------------------------------------------------------------------+
; cin  ; Input  ; Info     ; Stuck at VCC                                                                        ;
; cout ; Output ; Info     ; Connected to dangling logic. Logic that only feeds a dangling port will be removed. ;
+------+--------+----------+-------------------------------------------------------------------------------------+


+----------------------------------------------------------------------------------------------------------------+
; Port Connectivity Checks: "dp:datapath|alu:ALU_use|somador_4bits:soma"                                         ;
+------+--------+----------+-------------------------------------------------------------------------------------+
; Port ; Type   ; Severity ; Details                                                                             ;
+------+--------+----------+-------------------------------------------------------------------------------------+
; cin  ; Input  ; Info     ; Stuck at GND                                                                        ;
; cout ; Output ; Info     ; Connected to dangling logic. Logic that only feeds a dangling port will be removed. ;
+------+--------+----------+-------------------------------------------------------------------------------------+


+-------------------------------+
; Elapsed Time Per Partition    ;
+----------------+--------------+
; Partition Name ; Elapsed Time ;
+----------------+--------------+
; Top            ; 00:00:01     ;
+----------------+--------------+


+-------------------------------+
; Analysis & Synthesis Messages ;
+-------------------------------+
Info: *******************************************************************
Info: Running Quartus II 64-Bit Analysis & Synthesis
    Info: Version 13.0.0 Build 156 04/24/2013 SJ Web Edition
    Info: Processing started: Sat Dec 09 15:56:52 2017
Info: Command: quartus_map --read_settings_files=on --write_settings_files=off Processador -c Processador
Warning (20028): Parallel compilation is not licensed and has been disabled
Info (12021): Found 2 design units, including 1 entities, in source file dp.vhdl
    Info (12022): Found design unit 1: dp-rtl2
    Info (12023): Found entity 1: dp
Info (12021): Found 2 design units, including 1 entities, in source file ctrl.vhdl
    Info (12022): Found design unit 1: ctrl-fsm
    Info (12023): Found entity 1: ctrl
Info (12021): Found 2 design units, including 1 entities, in source file cpu.vhdl
    Info (12022): Found design unit 1: Processador-struc
    Info (12023): Found entity 1: Processador
Info (12021): Found 2 design units, including 1 entities, in source file acc.vhd
    Info (12022): Found design unit 1: acc-bhv
    Info (12023): Found entity 1: acc
Info (12021): Found 2 design units, including 1 entities, in source file rf.vhd
    Info (12022): Found design unit 1: rf-bhv
    Info (12023): Found entity 1: rf
Info (12021): Found 2 design units, including 1 entities, in source file alu.vhd
    Info (12022): Found design unit 1: alu-bhv
    Info (12023): Found entity 1: alu
Info (12021): Found 2 design units, including 1 entities, in source file registrador_4bits.vhd
    Info (12022): Found design unit 1: registrador_4bits-hardware
    Info (12023): Found entity 1: Registrador_4bits
Info (12021): Found 2 design units, including 1 entities, in source file somador_4bits.vhd
    Info (12022): Found design unit 1: somador_4bits-hardware
    Info (12023): Found entity 1: somador_4bits
Info (12021): Found 2 design units, including 1 entities, in source file fa.vhd
    Info (12022): Found design unit 1: FA-hardware
    Info (12023): Found entity 1: FA
Info (12021): Found 2 design units, including 1 entities, in source file register_lr.vhd
    Info (12022): Found design unit 1: register_LR-hardware
    Info (12023): Found entity 1: register_LR
Info (12021): Found 2 design units, including 1 entities, in source file flip_flop_d.vhd
    Info (12022): Found design unit 1: flip_flop_D-hardware
    Info (12023): Found entity 1: flip_flop_D
Info (12021): Found 2 design units, including 1 entities, in source file conv_to_outs.vhd
    Info (12022): Found design unit 1: Conv_to_Outs-hardware
    Info (12023): Found entity 1: Conv_to_Outs
Info (12021): Found 2 design units, including 1 entities, in source file conv_op_to_display.vhd
    Info (12022): Found design unit 1: Conv_Op_to_Display-hardware
    Info (12023): Found entity 1: Conv_Op_to_Display
Info (12127): Elaborating entity "Processador" for the top level hierarchy
Info (12128): Elaborating entity "ctrl" for hierarchy "ctrl:controller"
Info (12128): Elaborating entity "dp" for hierarchy "dp:datapath"
Info (12128): Elaborating entity "alu" for hierarchy "dp:datapath|alu:ALU_use"
Warning (10036): Verilog HDL or VHDL warning at alu.vhd(29): object "cout" assigned a value but never read
Info (12128): Elaborating entity "somador_4bits" for hierarchy "dp:datapath|alu:ALU_use|somador_4bits:soma"
Info (12128): Elaborating entity "FA" for hierarchy "dp:datapath|alu:ALU_use|somador_4bits:soma|FA:FA_0"
Info (12128): Elaborating entity "acc" for hierarchy "dp:datapath|acc:ACC_use"
Info (12128): Elaborating entity "rf" for hierarchy "dp:datapath|rf:RF_use"
Info (12128): Elaborating entity "Conv_to_Outs" for hierarchy "Conv_to_Outs:Conversor_Number"
Info (12128): Elaborating entity "Conv_Op_to_Display" for hierarchy "Conv_Op_to_Display:Conversor_Op"
Warning (13024): Output pins are stuck at VCC or GND
    Warning (13410): Pin "Q1[0]" is stuck at VCC
    Warning (13410): Pin "Q1[4]" is stuck at GND
    Warning (13410): Pin "Q1[5]" is stuck at GND
Info (17049): 33 registers lost all their fanouts during netlist optimizations.
Info (16010): Generating hard_block partition "hard_block:auto_generated_inst"
    Info (16011): Adding 0 node(s), including 0 DDIO, 0 PLL, 0 transceiver and 0 LCELL
Info (21057): Implemented 193 device resources after synthesis - the final resource count might be different
    Info (21058): Implemented 3 input pins
    Info (21059): Implemented 42 output pins
    Info (21061): Implemented 148 logic cells
Info: Quartus II 64-Bit Analysis & Synthesis was successful. 0 errors, 6 warnings
    Info: Peak virtual memory: 514 megabytes
    Info: Processing ended: Sat Dec 09 15:56:58 2017
    Info: Elapsed time: 00:00:06
    Info: Total CPU time (on all processors): 00:00:06


